# JRE version: OpenJDK Runtime Environment (17.0.10) (build 17.0.10+0--11572160)
# Java VM: OpenJDK 64-Bit Server VM (17.0.10+0--11572160, mixed mode, tiered, compressed oops, compressed class ptrs, g1 gc, windows-amd64)
GC Precious Log:
 CPUs: 4 total, 4 available
 Memory: 3738M
 Large Page Support: Disabled
 NUMA Support: Disabled
 Compressed Oops: Enabled (32-bit)
 Heap Region Size: 1M
 Heap Min Capacity: 8M
 Heap Initial Capacity: 60M
 Heap Max Capacity: 2G
 Pre-touch: Disabled
 Parallel Workers: 4
 Concurrent Workers: 1
 Concurrent Refinement Workers: 4
 Periodic GC: Disabled
Heap:
 garbage-first heap   total 61440K, used 30764K [0x0000000080000000, 0x0000000100000000)
  region size 1024K, 10 young (10240K), 2 survivors (2048K)
 Metaspace       used 37341K, committed 37696K, reserved 1114112K
  class space    used 5038K, committed 5184K, reserved 1048576K
GC Heap History (20 events):
Event: 0.591 GC heap before
{Heap before GC invocations=0 (full 0):
 garbage-first heap   total 61440K, used 12288K [0x0000000080000000, 0x0000000100000000)
  region size 1024K, 13 young (13312K), 0 survivors (0K)
 Metaspace       used 7670K, committed 7872K, reserved 1114112K
  class space    used 676K, committed 768K, reserved 1048576K
}
Event: 0.594 GC heap after
{Heap after GC invocations=1 (full 0):
 garbage-first heap   total 61440K, used 3360K [0x0000000080000000, 0x0000000100000000)
  region size 1024K, 2 young (2048K), 2 survivors (2048K)
 Metaspace       used 7670K, committed 7872K, reserved 1114112K
  class space    used 676K, committed 768K, reserved 1048576K
}
Event: 1.102 GC heap before
{Heap before GC invocations=1 (full 0):
 garbage-first heap   total 61440K, used 23840K [0x0000000080000000, 0x0000000100000000)
  region size 1024K, 18 young (18432K), 2 survivors (2048K)
 Metaspace       used 11401K, committed 11584K, reserved 1114112K
  class space    used 1198K, committed 1280K, reserved 1048576K
}
Event: 1.105 GC heap after
{Heap after GC invocations=2 (full 0):
 garbage-first heap   total 61440K, used 10569K [0x0000000080000000, 0x0000000100000000)
  region size 1024K, 3 young (3072K), 3 survivors (3072K)
 Metaspace       used 11401K, committed 11584K, reserved 1114112K
  class space    used 1198K, committed 1280K, reserved 1048576K
}
Event: 1.422 GC heap before
{Heap before GC invocations=2 (full 0):
 garbage-first heap   total 61440K, used 31049K [0x0000000080000000, 0x0000000100000000)
  region size 1024K, 23 young (23552K), 3 survivors (3072K)
 Metaspace       used 11499K, committed 11648K, reserved 1114112K
  class space    used 1199K, committed 1280K, reserved 1048576K
}
Event: 1.425 GC heap after
{Heap after GC invocations=3 (full 0):
 garbage-first heap   total 61440K, used 11601K [0x0000000080000000, 0x0000000100000000)
  region size 1024K, 1 young (1024K), 1 survivors (1024K)
 Metaspace       used 11499K, committed 11648K, reserved 1114112K
  class space    used 1199K, committed 1280K, reserved 1048576K
}
Event: 1.862 GC heap before
{Heap before GC invocations=3 (full 0):
 garbage-first heap   total 61440K, used 42321K [0x0000000080000000, 0x0000000100000000)
  region size 1024K, 31 young (31744K), 1 survivors (1024K)
 Metaspace       used 15560K, committed 15744K, reserved 1114112K
  class space    used 1756K, committed 1856K, reserved 1048576K
}
Event: 1.866 GC heap after
{Heap after GC invocations=4 (full 0):
 garbage-first heap   total 61440K, used 17169K [0x0000000080000000, 0x0000000100000000)
  region size 1024K, 4 young (4096K), 4 survivors (4096K)
 Metaspace       used 15560K, committed 15744K, reserved 1114112K
  class space    used 1756K, committed 1856K, reserved 1048576K
}
Event: 2.438 GC heap before
{Heap before GC invocations=4 (full 0):
 garbage-first heap   total 61440K, used 37649K [0x0000000080000000, 0x0000000100000000)
  region size 1024K, 25 young (25600K), 4 survivors (4096K)
 Metaspace       used 21257K, committed 21504K, reserved 1114112K
  class space    used 2496K, committed 2624K, reserved 1048576K
}
Event: 2.444 GC heap after
{Heap after GC invocations=5 (full 0):
 garbage-first heap   total 61440K, used 19377K [0x0000000080000000, 0x0000000100000000)
  region size 1024K, 3 young (3072K), 3 survivors (3072K)
 Metaspace       used 21257K, committed 21504K, reserved 1114112K
  class space    used 2496K, committed 2624K, reserved 1048576K
}
Event: 2.820 GC heap before
{Heap before GC invocations=6 (full 0):
 garbage-first heap   total 61440K, used 39857K [0x0000000080000000, 0x0000000100000000)
  region size 1024K, 24 young (24576K), 3 survivors (3072K)
 Metaspace       used 24879K, committed 25152K, reserved 1114112K
  class space    used 3103K, committed 3200K, reserved 1048576K
}
Event: 2.823 GC heap after
{Heap after GC invocations=7 (full 0):
 garbage-first heap   total 61440K, used 20351K [0x0000000080000000, 0x0000000100000000)
  region size 1024K, 2 young (2048K), 2 survivors (2048K)
 Metaspace       used 24879K, committed 25152K, reserved 1114112K
  class space    used 3103K, committed 3200K, reserved 1048576K
}
Event: 3.157 GC heap before
{Heap before GC invocations=7 (full 0):
 garbage-first heap   total 61440K, used 42879K [0x0000000080000000, 0x0000000100000000)
  region size 1024K, 24 young (24576K), 2 survivors (2048K)
 Metaspace       used 27888K, committed 28160K, reserved 1114112K
  class space    used 3648K, committed 3776K, reserved 1048576K
}
Event: 3.160 GC heap after
{Heap after GC invocations=8 (full 0):
 garbage-first heap   total 61440K, used 21720K [0x0000000080000000, 0x0000000100000000)
  region size 1024K, 3 young (3072K), 3 survivors (3072K)
 Metaspace       used 27888K, committed 28160K, reserved 1114112K
  class space    used 3648K, committed 3776K, reserved 1048576K
}
Event: 3.505 GC heap before
{Heap before GC invocations=8 (full 0):
 garbage-first heap   total 61440K, used 44248K [0x0000000080000000, 0x0000000100000000)
  region size 1024K, 25 young (25600K), 3 survivors (3072K)
 Metaspace       used 30984K, committed 31296K, reserved 1114112K
  class space    used 4138K, committed 4288K, reserved 1048576K
}
Event: 3.510 GC heap after
{Heap after GC invocations=9 (full 0):
 garbage-first heap   total 61440K, used 23034K [0x0000000080000000, 0x0000000100000000)
  region size 1024K, 3 young (3072K), 3 survivors (3072K)
 Metaspace       used 30984K, committed 31296K, reserved 1114112K
  class space    used 4138K, committed 4288K, reserved 1048576K
}
Event: 3.766 GC heap before
{Heap before GC invocations=9 (full 0):
 garbage-first heap   total 61440K, used 46586K [0x0000000080000000, 0x0000000100000000)
  region size 1024K, 26 young (26624K), 3 survivors (3072K)
 Metaspace       used 33771K, committed 34112K, reserved 1114112K
  class space    used 4619K, committed 4800K, reserved 1048576K
}
Event: 3.771 GC heap after
{Heap after GC invocations=10 (full 0):
 garbage-first heap   total 61440K, used 24197K [0x0000000080000000, 0x0000000100000000)
  region size 1024K, 3 young (3072K), 3 survivors (3072K)
 Metaspace       used 33771K, committed 34112K, reserved 1114112K
  class space    used 4619K, committed 4800K, reserved 1048576K
}
Event: 3.914 GC heap before
{Heap before GC invocations=10 (full 0):
 garbage-first heap   total 61440K, used 35461K [0x0000000080000000, 0x0000000100000000)
  region size 1024K, 15 young (15360K), 3 survivors (3072K)
 Metaspace       used 35796K, committed 36096K, reserved 1114112K
  class space    used 4906K, committed 5056K, reserved 1048576K
}
Event: 3.919 GC heap after
{Heap after GC invocations=11 (full 0):
 garbage-first heap   total 61440K, used 24620K [0x0000000080000000, 0x0000000100000000)
  region size 1024K, 2 young (2048K), 2 survivors (2048K)
 Metaspace       used 35796K, committed 36096K, reserved 1114112K
  class space    used 4906K, committed 5056K, reserved 1048576K
}

