# JRE version: OpenJDK Runtime Environment (17.0.10) (build 17.0.10+0--11572160)
# Java VM: OpenJDK 64-Bit Server VM (17.0.10+0--11572160, mixed mode, tiered, compressed oops, compressed class ptrs, g1 gc, windows-amd64)
GC Precious Log:
 CPUs: 4 total, 4 available
 Memory: 3738M
 Large Page Support: Disabled
 NUMA Support: Disabled
 Compressed Oops: Enabled (32-bit)
 Heap Region Size: 1M
 Heap Min Capacity: 8M
 Heap Initial Capacity: 60M
 Heap Max Capacity: 2G
 Pre-touch: Disabled
 Parallel Workers: 4
 Concurrent Workers: 1
 Concurrent Refinement Workers: 4
 Periodic GC: Disabled
Heap:
 garbage-first heap   total 73728K, used 48792K [0x0000000080000000, 0x0000000100000000)
  region size 1024K, 19 young (19456K), 3 survivors (3072K)
 Metaspace       used 51846K, committed 52288K, reserved 1114112K
  class space    used 7202K, committed 7424K, reserved 1048576K
GC Heap History (20 events):
Event: 3.228 GC heap before
{Heap before GC invocations=6 (full 0):
 garbage-first heap   total 61440K, used 41105K [0x0000000080000000, 0x0000000100000000)
  region size 1024K, 23 young (23552K), 2 survivors (2048K)
 Metaspace       used 24869K, committed 25152K, reserved 1114112K
  class space    used 3103K, committed 3200K, reserved 1048576K
}
Event: 3.232 GC heap after
{Heap after GC invocations=7 (full 0):
 garbage-first heap   total 61440K, used 20757K [0x0000000080000000, 0x0000000100000000)
  region size 1024K, 2 young (2048K), 2 survivors (2048K)
 Metaspace       used 24869K, committed 25152K, reserved 1114112K
  class space    used 3103K, committed 3200K, reserved 1048576K
}
Event: 3.592 GC heap before
{Heap before GC invocations=7 (full 0):
 garbage-first heap   total 61440K, used 43285K [0x0000000080000000, 0x0000000100000000)
  region size 1024K, 24 young (24576K), 2 survivors (2048K)
 Metaspace       used 27878K, committed 28160K, reserved 1114112K
  class space    used 3648K, committed 3776K, reserved 1048576K
}
Event: 3.595 GC heap after
{Heap after GC invocations=8 (full 0):
 garbage-first heap   total 61440K, used 22044K [0x0000000080000000, 0x0000000100000000)
  region size 1024K, 3 young (3072K), 3 survivors (3072K)
 Metaspace       used 27878K, committed 28160K, reserved 1114112K
  class space    used 3648K, committed 3776K, reserved 1048576K
}
Event: 3.959 GC heap before
{Heap before GC invocations=8 (full 0):
 garbage-first heap   total 61440K, used 44572K [0x0000000080000000, 0x0000000100000000)
  region size 1024K, 25 young (25600K), 3 survivors (3072K)
 Metaspace       used 31001K, committed 31296K, reserved 1114112K
  class space    used 4137K, committed 4288K, reserved 1048576K
}
Event: 3.964 GC heap after
{Heap after GC invocations=9 (full 0):
 garbage-first heap   total 61440K, used 23280K [0x0000000080000000, 0x0000000100000000)
  region size 1024K, 3 young (3072K), 3 survivors (3072K)
 Metaspace       used 31001K, committed 31296K, reserved 1114112K
  class space    used 4137K, committed 4288K, reserved 1048576K
}
Event: 4.298 GC heap before
{Heap before GC invocations=9 (full 0):
 garbage-first heap   total 61440K, used 45808K [0x0000000080000000, 0x0000000100000000)
  region size 1024K, 25 young (25600K), 3 survivors (3072K)
 Metaspace       used 33667K, committed 34048K, reserved 1114112K
  class space    used 4596K, committed 4800K, reserved 1048576K
}
Event: 4.306 GC heap after
{Heap after GC invocations=10 (full 0):
 garbage-first heap   total 61440K, used 24413K [0x0000000080000000, 0x0000000100000000)
  region size 1024K, 3 young (3072K), 3 survivors (3072K)
 Metaspace       used 33667K, committed 34048K, reserved 1114112K
  class space    used 4596K, committed 4800K, reserved 1048576K
}
Event: 4.536 GC heap before
{Heap before GC invocations=10 (full 0):
 garbage-first heap   total 61440K, used 36701K [0x0000000080000000, 0x0000000100000000)
  region size 1024K, 16 young (16384K), 3 survivors (3072K)
 Metaspace       used 35891K, committed 36160K, reserved 1114112K
  class space    used 4919K, committed 5056K, reserved 1048576K
}
Event: 4.542 GC heap after
{Heap after GC invocations=11 (full 0):
 garbage-first heap   total 61440K, used 25194K [0x0000000080000000, 0x0000000100000000)
  region size 1024K, 2 young (2048K), 2 survivors (2048K)
 Metaspace       used 35891K, committed 36160K, reserved 1114112K
  class space    used 4919K, committed 5056K, reserved 1048576K
}
Event: 5.077 GC heap before
{Heap before GC invocations=12 (full 0):
 garbage-first heap   total 61440K, used 47722K [0x0000000080000000, 0x0000000100000000)
  region size 1024K, 25 young (25600K), 2 survivors (2048K)
 Metaspace       used 40828K, committed 41152K, reserved 1114112K
  class space    used 5415K, committed 5568K, reserved 1048576K
}
Event: 5.087 GC heap after
{Heap after GC invocations=13 (full 0):
 garbage-first heap   total 61440K, used 28120K [0x0000000080000000, 0x0000000100000000)
  region size 1024K, 4 young (4096K), 4 survivors (4096K)
 Metaspace       used 40828K, committed 41152K, reserved 1114112K
  class space    used 5415K, committed 5568K, reserved 1048576K
}
Event: 5.326 GC heap before
{Heap before GC invocations=13 (full 0):
 garbage-first heap   total 61440K, used 48600K [0x0000000080000000, 0x0000000100000000)
  region size 1024K, 24 young (24576K), 4 survivors (4096K)
 Metaspace       used 41926K, committed 42304K, reserved 1114112K
  class space    used 5592K, committed 5760K, reserved 1048576K
}
Event: 5.336 GC heap after
{Heap after GC invocations=14 (full 0):
 garbage-first heap   total 73728K, used 30299K [0x0000000080000000, 0x0000000100000000)
  region size 1024K, 3 young (3072K), 3 survivors (3072K)
 Metaspace       used 41926K, committed 42304K, reserved 1114112K
  class space    used 5592K, committed 5760K, reserved 1048576K
}
Event: 5.698 GC heap before
{Heap before GC invocations=14 (full 0):
 garbage-first heap   total 73728K, used 54875K [0x0000000080000000, 0x0000000100000000)
  region size 1024K, 28 young (28672K), 3 survivors (3072K)
 Metaspace       used 43778K, committed 44224K, reserved 1114112K
  class space    used 5885K, committed 6144K, reserved 1048576K
}
Event: 5.704 GC heap after
{Heap after GC invocations=15 (full 0):
 garbage-first heap   total 73728K, used 31983K [0x0000000080000000, 0x0000000100000000)
  region size 1024K, 4 young (4096K), 4 survivors (4096K)
 Metaspace       used 43778K, committed 44224K, reserved 1114112K
  class space    used 5885K, committed 6144K, reserved 1048576K
}
Event: 6.276 GC heap before
{Heap before GC invocations=15 (full 0):
 garbage-first heap   total 73728K, used 56559K [0x0000000080000000, 0x0000000100000000)
  region size 1024K, 28 young (28672K), 4 survivors (4096K)
 Metaspace       used 46735K, committed 47168K, reserved 1114112K
  class space    used 6373K, committed 6592K, reserved 1048576K
}
Event: 6.283 GC heap after
{Heap after GC invocations=16 (full 0):
 garbage-first heap   total 73728K, used 33370K [0x0000000080000000, 0x0000000100000000)
  region size 1024K, 4 young (4096K), 4 survivors (4096K)
 Metaspace       used 46735K, committed 47168K, reserved 1114112K
  class space    used 6373K, committed 6592K, reserved 1048576K
}
Event: 6.731 GC heap before
{Heap before GC invocations=16 (full 0):
 garbage-first heap   total 73728K, used 55898K [0x0000000080000000, 0x0000000100000000)
  region size 1024K, 27 young (27648K), 4 survivors (4096K)
 Metaspace       used 49950K, committed 50432K, reserved 1114112K
  class space    used 6870K, committed 7104K, reserved 1048576K
}
Event: 6.739 GC heap after
{Heap after GC invocations=17 (full 0):
 garbage-first heap   total 73728K, used 34456K [0x0000000080000000, 0x0000000100000000)
  region size 1024K, 3 young (3072K), 3 survivors (3072K)
 Metaspace       used 49950K, committed 50432K, reserved 1114112K
  class space    used 6870K, committed 7104K, reserved 1048576K
}

