# JRE version: OpenJDK Runtime Environment (17.0.10) (build 17.0.10+0--11572160)
# Java VM: OpenJDK 64-Bit Server VM (17.0.10+0--11572160, mixed mode, tiered, compressed oops, compressed class ptrs, g1 gc, windows-amd64)
GC Precious Log:
 CPUs: 4 total, 4 available
 Memory: 3738M
 Large Page Support: Disabled
 NUMA Support: Disabled
 Compressed Oops: Enabled (32-bit)
 Heap Region Size: 1M
 Heap Min Capacity: 8M
 Heap Initial Capacity: 60M
 Heap Max Capacity: 2G
 Pre-touch: Disabled
 Parallel Workers: 4
 Concurrent Workers: 1
 Concurrent Refinement Workers: 4
 Periodic GC: Disabled
Heap:
 garbage-first heap   total 73728K, used 41308K [0x0000000080000000, 0x0000000100000000)
  region size 1024K, 15 young (15360K), 4 survivors (4096K)
 Metaspace       used 48495K, committed 48896K, reserved 1114112K
  class space    used 6647K, committed 6848K, reserved 1048576K
GC Heap History (20 events):
Event: 2.954 GC heap before
{Heap before GC invocations=4 (full 0):
 garbage-first heap   total 61440K, used 35299K [0x0000000080000000, 0x0000000100000000)
  region size 1024K, 24 young (24576K), 4 survivors (4096K)
 Metaspace       used 21280K, committed 21504K, reserved 1114112K
  class space    used 2498K, committed 2624K, reserved 1048576K
}
Event: 2.960 GC heap after
{Heap after GC invocations=5 (full 0):
 garbage-first heap   total 61440K, used 19395K [0x0000000080000000, 0x0000000100000000)
  region size 1024K, 3 young (3072K), 3 survivors (3072K)
 Metaspace       used 21280K, committed 21504K, reserved 1114112K
  class space    used 2498K, committed 2624K, reserved 1048576K
}
Event: 3.522 GC heap before
{Heap before GC invocations=6 (full 0):
 garbage-first heap   total 61440K, used 39875K [0x0000000080000000, 0x0000000100000000)
  region size 1024K, 24 young (24576K), 3 survivors (3072K)
 Metaspace       used 24910K, committed 25152K, reserved 1114112K
  class space    used 3109K, committed 3200K, reserved 1048576K
}
Event: 3.531 GC heap after
{Heap after GC invocations=7 (full 0):
 garbage-first heap   total 61440K, used 20250K [0x0000000080000000, 0x0000000100000000)
  region size 1024K, 2 young (2048K), 2 survivors (2048K)
 Metaspace       used 24910K, committed 25152K, reserved 1114112K
  class space    used 3109K, committed 3200K, reserved 1048576K
}
Event: 3.948 GC heap before
{Heap before GC invocations=7 (full 0):
 garbage-first heap   total 61440K, used 42778K [0x0000000080000000, 0x0000000100000000)
  region size 1024K, 24 young (24576K), 2 survivors (2048K)
 Metaspace       used 27912K, committed 28160K, reserved 1114112K
  class space    used 3655K, committed 3776K, reserved 1048576K
}
Event: 3.951 GC heap after
{Heap after GC invocations=8 (full 0):
 garbage-first heap   total 61440K, used 21614K [0x0000000080000000, 0x0000000100000000)
  region size 1024K, 3 young (3072K), 3 survivors (3072K)
 Metaspace       used 27912K, committed 28160K, reserved 1114112K
  class space    used 3655K, committed 3776K, reserved 1048576K
}
Event: 4.651 GC heap before
{Heap before GC invocations=8 (full 0):
 garbage-first heap   total 61440K, used 44142K [0x0000000080000000, 0x0000000100000000)
  region size 1024K, 25 young (25600K), 3 survivors (3072K)
 Metaspace       used 31024K, committed 31360K, reserved 1114112K
  class space    used 4143K, committed 4288K, reserved 1048576K
}
Event: 4.657 GC heap after
{Heap after GC invocations=9 (full 0):
 garbage-first heap   total 61440K, used 22972K [0x0000000080000000, 0x0000000100000000)
  region size 1024K, 3 young (3072K), 3 survivors (3072K)
 Metaspace       used 31024K, committed 31360K, reserved 1114112K
  class space    used 4143K, committed 4288K, reserved 1048576K
}
Event: 5.254 GC heap before
{Heap before GC invocations=9 (full 0):
 garbage-first heap   total 61440K, used 46524K [0x0000000080000000, 0x0000000100000000)
  region size 1024K, 26 young (26624K), 3 survivors (3072K)
 Metaspace       used 33809K, committed 34112K, reserved 1114112K
  class space    used 4624K, committed 4800K, reserved 1048576K
}
Event: 5.261 GC heap after
{Heap after GC invocations=10 (full 0):
 garbage-first heap   total 61440K, used 23970K [0x0000000080000000, 0x0000000100000000)
  region size 1024K, 3 young (3072K), 3 survivors (3072K)
 Metaspace       used 33809K, committed 34112K, reserved 1114112K
  class space    used 4624K, committed 4800K, reserved 1048576K
}
Event: 5.435 GC heap before
{Heap before GC invocations=10 (full 0):
 garbage-first heap   total 61440K, used 33186K [0x0000000080000000, 0x0000000100000000)
  region size 1024K, 14 young (14336K), 3 survivors (3072K)
 Metaspace       used 35796K, committed 36096K, reserved 1114112K
  class space    used 4903K, committed 5056K, reserved 1048576K
}
Event: 5.441 GC heap after
{Heap after GC invocations=11 (full 0):
 garbage-first heap   total 61440K, used 24685K [0x0000000080000000, 0x0000000100000000)
  region size 1024K, 2 young (2048K), 2 survivors (2048K)
 Metaspace       used 35796K, committed 36096K, reserved 1114112K
  class space    used 4903K, committed 5056K, reserved 1048576K
}
Event: 5.901 GC heap before
{Heap before GC invocations=12 (full 0):
 garbage-first heap   total 61440K, used 47213K [0x0000000080000000, 0x0000000100000000)
  region size 1024K, 25 young (25600K), 2 survivors (2048K)
 Metaspace       used 40819K, committed 41152K, reserved 1114112K
  class space    used 5421K, committed 5568K, reserved 1048576K
}
Event: 5.910 GC heap after
{Heap after GC invocations=13 (full 0):
 garbage-first heap   total 61440K, used 27434K [0x0000000080000000, 0x0000000100000000)
  region size 1024K, 4 young (4096K), 4 survivors (4096K)
 Metaspace       used 40819K, committed 41152K, reserved 1114112K
  class space    used 5421K, committed 5568K, reserved 1048576K
}
Event: 6.120 GC heap before
{Heap before GC invocations=13 (full 0):
 garbage-first heap   total 61440K, used 47914K [0x0000000080000000, 0x0000000100000000)
  region size 1024K, 24 young (24576K), 4 survivors (4096K)
 Metaspace       used 41882K, committed 42240K, reserved 1114112K
  class space    used 5588K, committed 5760K, reserved 1048576K
}
Event: 6.128 GC heap after
{Heap after GC invocations=14 (full 0):
 garbage-first heap   total 73728K, used 28990K [0x0000000080000000, 0x0000000100000000)
  region size 1024K, 2 young (2048K), 2 survivors (2048K)
 Metaspace       used 41882K, committed 42240K, reserved 1114112K
  class space    used 5588K, committed 5760K, reserved 1048576K
}
Event: 6.592 GC heap before
{Heap before GC invocations=14 (full 0):
 garbage-first heap   total 73728K, used 56638K [0x0000000080000000, 0x0000000100000000)
  region size 1024K, 29 young (29696K), 2 survivors (2048K)
 Metaspace       used 43989K, committed 44416K, reserved 1114112K
  class space    used 5926K, committed 6144K, reserved 1048576K
}
Event: 6.597 GC heap after
{Heap after GC invocations=15 (full 0):
 garbage-first heap   total 73728K, used 30635K [0x0000000080000000, 0x0000000100000000)
  region size 1024K, 4 young (4096K), 4 survivors (4096K)
 Metaspace       used 43989K, committed 44416K, reserved 1114112K
  class space    used 5926K, committed 6144K, reserved 1048576K
}
Event: 6.999 GC heap before
{Heap before GC invocations=15 (full 0):
 garbage-first heap   total 73728K, used 56235K [0x0000000080000000, 0x0000000100000000)
  region size 1024K, 30 young (30720K), 4 survivors (4096K)
 Metaspace       used 47089K, committed 47552K, reserved 1114112K
  class space    used 6449K, committed 6656K, reserved 1048576K
}
Event: 7.005 GC heap after
{Heap after GC invocations=16 (full 0):
 garbage-first heap   total 73728K, used 32092K [0x0000000080000000, 0x0000000100000000)
  region size 1024K, 4 young (4096K), 4 survivors (4096K)
 Metaspace       used 47089K, committed 47552K, reserved 1114112K
  class space    used 6449K, committed 6656K, reserved 1048576K
}

