# JRE version: OpenJDK Runtime Environment (17.0.10) (build 17.0.10+0--11572160)
# Java VM: OpenJDK 64-Bit Server VM (17.0.10+0--11572160, mixed mode, tiered, compressed oops, compressed class ptrs, g1 gc, windows-amd64)
GC Precious Log:
 CPUs: 4 total, 4 available
 Memory: 3738M
 Large Page Support: Disabled
 NUMA Support: Disabled
 Compressed Oops: Enabled (32-bit)
 Heap Region Size: 1M
 Heap Min Capacity: 8M
 Heap Initial Capacity: 60M
 Heap Max Capacity: 2G
 Pre-touch: Disabled
 Parallel Workers: 4
 Concurrent Workers: 1
 Concurrent Refinement Workers: 4
 Periodic GC: Disabled
Heap:
 garbage-first heap   total 348160K, used 133823K [0x0000000080000000, 0x0000000100000000)
  region size 1024K, 3 young (3072K), 3 survivors (3072K)
 Metaspace       used 133755K, committed 134720K, reserved 1179648K
  class space    used 18641K, committed 19136K, reserved 1048576K
GC Heap History (20 events):
Event: 84.962 GC heap after
{Heap after GC invocations=40 (full 0):
 garbage-first heap   total 198656K, used 93074K [0x0000000080000000, 0x0000000100000000)
  region size 1024K, 8 young (8192K), 8 survivors (8192K)
 Metaspace       used 92375K, committed 93056K, reserved 1179648K
  class space    used 12574K, committed 12928K, reserved 1048576K
}
Event: 86.393 GC heap before
{Heap before GC invocations=40 (full 0):
 garbage-first heap   total 198656K, used 161682K [0x0000000080000000, 0x0000000100000000)
  region size 1024K, 75 young (76800K), 8 survivors (8192K)
 Metaspace       used 97025K, committed 97664K, reserved 1179648K
  class space    used 13329K, committed 13632K, reserved 1048576K
}
Event: 86.418 GC heap after
{Heap after GC invocations=41 (full 0):
 garbage-first heap   total 348160K, used 96786K [0x0000000080000000, 0x0000000100000000)
  region size 1024K, 6 young (6144K), 6 survivors (6144K)
 Metaspace       used 97025K, committed 97664K, reserved 1179648K
  class space    used 13329K, committed 13632K, reserved 1048576K
}
Event: 88.805 GC heap before
{Heap before GC invocations=41 (full 0):
 garbage-first heap   total 348160K, used 211474K [0x0000000080000000, 0x0000000100000000)
  region size 1024K, 119 young (121856K), 6 survivors (6144K)
 Metaspace       used 105926K, committed 106688K, reserved 1179648K
  class space    used 14594K, committed 14976K, reserved 1048576K
}
Event: 88.840 GC heap after
{Heap after GC invocations=42 (full 0):
 garbage-first heap   total 348160K, used 102761K [0x0000000080000000, 0x0000000100000000)
  region size 1024K, 12 young (12288K), 12 survivors (12288K)
 Metaspace       used 105926K, committed 106688K, reserved 1179648K
  class space    used 14594K, committed 14976K, reserved 1048576K
}
Event: 93.335 GC heap before
{Heap before GC invocations=43 (full 0):
 garbage-first heap   total 348160K, used 288105K [0x0000000080000000, 0x0000000100000000)
  region size 1024K, 189 young (193536K), 12 survivors (12288K)
 Metaspace       used 110388K, committed 111104K, reserved 1179648K
  class space    used 15113K, committed 15488K, reserved 1048576K
}
Event: 93.457 GC heap after
{Heap after GC invocations=44 (full 0):
 garbage-first heap   total 348160K, used 114993K [0x0000000080000000, 0x0000000100000000)
  region size 1024K, 24 young (24576K), 24 survivors (24576K)
 Metaspace       used 110388K, committed 111104K, reserved 1179648K
  class space    used 15113K, committed 15488K, reserved 1048576K
}
Event: 93.465 GC heap before
{Heap before GC invocations=44 (full 0):
 garbage-first heap   total 348160K, used 116017K [0x0000000080000000, 0x0000000100000000)
  region size 1024K, 25 young (25600K), 24 survivors (24576K)
 Metaspace       used 110388K, committed 111104K, reserved 1179648K
  class space    used 15113K, committed 15488K, reserved 1048576K
}
Event: 93.621 GC heap after
{Heap after GC invocations=45 (full 0):
 garbage-first heap   total 348160K, used 113599K [0x0000000080000000, 0x0000000100000000)
  region size 1024K, 2 young (2048K), 2 survivors (2048K)
 Metaspace       used 110388K, committed 111104K, reserved 1179648K
  class space    used 15113K, committed 15488K, reserved 1048576K
}
Event: 99.787 GC heap before
{Heap before GC invocations=45 (full 0):
 garbage-first heap   total 348160K, used 327615K [0x0000000080000000, 0x0000000100000000)
  region size 1024K, 156 young (159744K), 2 survivors (2048K)
 Metaspace       used 116293K, committed 117248K, reserved 1179648K
  class space    used 15938K, committed 16448K, reserved 1048576K
}
Event: 99.861 GC heap after
{Heap after GC invocations=46 (full 0):
 garbage-first heap   total 348160K, used 122056K [0x0000000080000000, 0x0000000100000000)
  region size 1024K, 11 young (11264K), 11 survivors (11264K)
 Metaspace       used 116293K, committed 117248K, reserved 1179648K
  class space    used 15938K, committed 16448K, reserved 1048576K
}
Event: 116.509 GC heap before
{Heap before GC invocations=47 (full 0):
 garbage-first heap   total 348160K, used 279752K [0x0000000080000000, 0x0000000100000000)
  region size 1024K, 166 young (169984K), 11 survivors (11264K)
 Metaspace       used 132184K, committed 133120K, reserved 1179648K
  class space    used 18416K, committed 18880K, reserved 1048576K
}
Event: 116.583 GC heap after
{Heap after GC invocations=48 (full 0):
 garbage-first heap   total 348160K, used 125299K [0x0000000080000000, 0x0000000100000000)
  region size 1024K, 14 young (14336K), 14 survivors (14336K)
 Metaspace       used 132184K, committed 133120K, reserved 1179648K
  class space    used 18416K, committed 18880K, reserved 1048576K
}
Event: 116.731 GC heap before
{Heap before GC invocations=48 (full 0):
 garbage-first heap   total 348160K, used 128371K [0x0000000080000000, 0x0000000100000000)
  region size 1024K, 17 young (17408K), 14 survivors (14336K)
 Metaspace       used 132251K, committed 133184K, reserved 1179648K
  class space    used 18427K, committed 18880K, reserved 1048576K
}
Event: 116.800 GC heap after
{Heap after GC invocations=49 (full 0):
 garbage-first heap   total 348160K, used 124607K [0x0000000080000000, 0x0000000100000000)
  region size 1024K, 2 young (2048K), 2 survivors (2048K)
 Metaspace       used 132251K, committed 133184K, reserved 1179648K
  class space    used 18427K, committed 18880K, reserved 1048576K
}
Event: 118.000 GC heap before
{Heap before GC invocations=49 (full 0):
 garbage-first heap   total 348160K, used 327359K [0x0000000080000000, 0x0000000100000000)
  region size 1024K, 26 young (26624K), 2 survivors (2048K)
 Metaspace       used 133755K, committed 134720K, reserved 1179648K
  class space    used 18641K, committed 19136K, reserved 1048576K
}
Event: 118.020 GC heap after
{Heap after GC invocations=50 (full 0):
 garbage-first heap   total 348160K, used 135792K [0x0000000080000000, 0x0000000100000000)
  region size 1024K, 3 young (3072K), 3 survivors (3072K)
 Metaspace       used 133755K, committed 134720K, reserved 1179648K
  class space    used 18641K, committed 19136K, reserved 1048576K
}
Event: 118.046 GC heap before
{Heap before GC invocations=50 (full 0):
 garbage-first heap   total 348160K, used 160368K [0x0000000080000000, 0x0000000100000000)
  region size 1024K, 4 young (4096K), 3 survivors (3072K)
 Metaspace       used 133755K, committed 134720K, reserved 1179648K
  class space    used 18641K, committed 19136K, reserved 1048576K
}
Event: 118.050 GC heap after
{Heap after GC invocations=51 (full 0):
 garbage-first heap   total 348160K, used 135871K [0x0000000080000000, 0x0000000100000000)
  region size 1024K, 3 young (3072K), 3 survivors (3072K)
 Metaspace       used 133755K, committed 134720K, reserved 1179648K
  class space    used 18641K, committed 19136K, reserved 1048576K
}
Event: 118.070 GC heap before
{Heap before GC invocations=51 (full 0):
 garbage-first heap   total 348160K, used 156351K [0x0000000080000000, 0x0000000100000000)
  region size 1024K, 4 young (4096K), 3 survivors (3072K)
 Metaspace       used 133755K, committed 134720K, reserved 1179648K
  class space    used 18641K, committed 19136K, reserved 1048576K
}

