# JRE version: OpenJDK Runtime Environment (17.0.10) (build 17.0.10+0--11572160)
# Java VM: OpenJDK 64-Bit Server VM (17.0.10+0--11572160, mixed mode, tiered, compressed oops, compressed class ptrs, g1 gc, windows-amd64)
GC Precious Log:
 CPUs: 4 total, 4 available
 Memory: 3738M
 Large Page Support: Disabled
 NUMA Support: Disabled
 Compressed Oops: Enabled (32-bit)
 Heap Region Size: 1M
 Heap Min Capacity: 8M
 Heap Initial Capacity: 60M
 Heap Max Capacity: 2G
 Pre-touch: Disabled
 Parallel Workers: 4
 Concurrent Workers: 1
 Concurrent Refinement Workers: 4
 Periodic GC: Disabled
Heap:
 garbage-first heap   total 73728K, used 35757K [0x0000000080000000, 0x0000000100000000)
  region size 1024K, 2 young (2048K), 2 survivors (2048K)
 Metaspace       used 52216K, committed 52736K, reserved 1114112K
  class space    used 7267K, committed 7488K, reserved 1048576K
GC Heap History (20 events):
Event: 3.464 GC heap after
{Heap after GC invocations=7 (full 0):
 garbage-first heap   total 61440K, used 20659K [0x0000000080000000, 0x0000000100000000)
  region size 1024K, 2 young (2048K), 2 survivors (2048K)
 Metaspace       used 24889K, committed 25152K, reserved 1114112K
  class space    used 3100K, committed 3200K, reserved 1048576K
}
Event: 3.820 GC heap before
{Heap before GC invocations=7 (full 0):
 garbage-first heap   total 61440K, used 43187K [0x0000000080000000, 0x0000000100000000)
  region size 1024K, 24 young (24576K), 2 survivors (2048K)
 Metaspace       used 27886K, committed 28160K, reserved 1114112K
  class space    used 3644K, committed 3776K, reserved 1048576K
}
Event: 3.824 GC heap after
{Heap after GC invocations=8 (full 0):
 garbage-first heap   total 61440K, used 21921K [0x0000000080000000, 0x0000000100000000)
  region size 1024K, 3 young (3072K), 3 survivors (3072K)
 Metaspace       used 27886K, committed 28160K, reserved 1114112K
  class space    used 3644K, committed 3776K, reserved 1048576K
}
Event: 4.235 GC heap before
{Heap before GC invocations=8 (full 0):
 garbage-first heap   total 61440K, used 44449K [0x0000000080000000, 0x0000000100000000)
  region size 1024K, 25 young (25600K), 3 survivors (3072K)
 Metaspace       used 30995K, committed 31296K, reserved 1114112K
  class space    used 4135K, committed 4224K, reserved 1048576K
}
Event: 4.239 GC heap after
{Heap after GC invocations=9 (full 0):
 garbage-first heap   total 61440K, used 23206K [0x0000000080000000, 0x0000000100000000)
  region size 1024K, 3 young (3072K), 3 survivors (3072K)
 Metaspace       used 30995K, committed 31296K, reserved 1114112K
  class space    used 4135K, committed 4224K, reserved 1048576K
}
Event: 4.568 GC heap before
{Heap before GC invocations=9 (full 0):
 garbage-first heap   total 61440K, used 46758K [0x0000000080000000, 0x0000000100000000)
  region size 1024K, 26 young (26624K), 3 survivors (3072K)
 Metaspace       used 33785K, committed 34112K, reserved 1114112K
  class space    used 4617K, committed 4800K, reserved 1048576K
}
Event: 4.575 GC heap after
{Heap after GC invocations=10 (full 0):
 garbage-first heap   total 61440K, used 24247K [0x0000000080000000, 0x0000000100000000)
  region size 1024K, 3 young (3072K), 3 survivors (3072K)
 Metaspace       used 33785K, committed 34112K, reserved 1114112K
  class space    used 4617K, committed 4800K, reserved 1048576K
}
Event: 4.761 GC heap before
{Heap before GC invocations=10 (full 0):
 garbage-first heap   total 61440K, used 35511K [0x0000000080000000, 0x0000000100000000)
  region size 1024K, 15 young (15360K), 3 survivors (3072K)
 Metaspace       used 35890K, committed 36160K, reserved 1114112K
  class space    used 4918K, committed 5056K, reserved 1048576K
}
Event: 4.766 GC heap after
{Heap after GC invocations=11 (full 0):
 garbage-first heap   total 61440K, used 25065K [0x0000000080000000, 0x0000000100000000)
  region size 1024K, 2 young (2048K), 2 survivors (2048K)
 Metaspace       used 35890K, committed 36160K, reserved 1114112K
  class space    used 4918K, committed 5056K, reserved 1048576K
}
Event: 5.168 GC heap before
{Heap before GC invocations=12 (full 0):
 garbage-first heap   total 61440K, used 47593K [0x0000000080000000, 0x0000000100000000)
  region size 1024K, 25 young (25600K), 2 survivors (2048K)
 Metaspace       used 40818K, committed 41216K, reserved 1114112K
  class space    used 5415K, committed 5568K, reserved 1048576K
}
Event: 5.176 GC heap after
{Heap after GC invocations=13 (full 0):
 garbage-first heap   total 61440K, used 28178K [0x0000000080000000, 0x0000000100000000)
  region size 1024K, 4 young (4096K), 4 survivors (4096K)
 Metaspace       used 40818K, committed 41216K, reserved 1114112K
  class space    used 5415K, committed 5568K, reserved 1048576K
}
Event: 5.324 GC heap before
{Heap before GC invocations=13 (full 0):
 garbage-first heap   total 61440K, used 48658K [0x0000000080000000, 0x0000000100000000)
  region size 1024K, 24 young (24576K), 4 survivors (4096K)
 Metaspace       used 41900K, committed 42304K, reserved 1114112K
  class space    used 5592K, committed 5760K, reserved 1048576K
}
Event: 5.330 GC heap after
{Heap after GC invocations=14 (full 0):
 garbage-first heap   total 73728K, used 29700K [0x0000000080000000, 0x0000000100000000)
  region size 1024K, 2 young (2048K), 2 survivors (2048K)
 Metaspace       used 41900K, committed 42304K, reserved 1114112K
  class space    used 5592K, committed 5760K, reserved 1048576K
}
Event: 5.635 GC heap before
{Heap before GC invocations=14 (full 0):
 garbage-first heap   total 73728K, used 56324K [0x0000000080000000, 0x0000000100000000)
  region size 1024K, 28 young (28672K), 2 survivors (2048K)
 Metaspace       used 43869K, committed 44352K, reserved 1114112K
  class space    used 5909K, committed 6144K, reserved 1048576K
}
Event: 5.638 GC heap after
{Heap after GC invocations=15 (full 0):
 garbage-first heap   total 73728K, used 31139K [0x0000000080000000, 0x0000000100000000)
  region size 1024K, 4 young (4096K), 4 survivors (4096K)
 Metaspace       used 43869K, committed 44352K, reserved 1114112K
  class space    used 5909K, committed 6144K, reserved 1048576K
}
Event: 6.018 GC heap before
{Heap before GC invocations=15 (full 0):
 garbage-first heap   total 73728K, used 56739K [0x0000000080000000, 0x0000000100000000)
  region size 1024K, 29 young (29696K), 4 survivors (4096K)
 Metaspace       used 46942K, committed 47424K, reserved 1114112K
  class space    used 6415K, committed 6656K, reserved 1048576K
}
Event: 6.027 GC heap after
{Heap after GC invocations=16 (full 0):
 garbage-first heap   total 73728K, used 32610K [0x0000000080000000, 0x0000000100000000)
  region size 1024K, 4 young (4096K), 4 survivors (4096K)
 Metaspace       used 46942K, committed 47424K, reserved 1114112K
  class space    used 6415K, committed 6656K, reserved 1048576K
}
Event: 6.440 GC heap before
{Heap before GC invocations=16 (full 0):
 garbage-first heap   total 73728K, used 57186K [0x0000000080000000, 0x0000000100000000)
  region size 1024K, 29 young (29696K), 4 survivors (4096K)
 Metaspace       used 50353K, committed 50816K, reserved 1114112K
  class space    used 6950K, committed 7168K, reserved 1048576K
}
Event: 6.447 GC heap after
{Heap after GC invocations=17 (full 0):
 garbage-first heap   total 73728K, used 34129K [0x0000000080000000, 0x0000000100000000)
  region size 1024K, 3 young (3072K), 3 survivors (3072K)
 Metaspace       used 50353K, committed 50816K, reserved 1114112K
  class space    used 6950K, committed 7168K, reserved 1048576K
}
Event: 6.744 GC heap before
{Heap before GC invocations=17 (full 0):
 garbage-first heap   total 73728K, used 50513K [0x0000000080000000, 0x0000000100000000)
  region size 1024K, 20 young (20480K), 3 survivors (3072K)
 Metaspace       used 52216K, committed 52736K, reserved 1114112K
  class space    used 7267K, committed 7488K, reserved 1048576K
}

