# JRE version: OpenJDK Runtime Environment (17.0.10) (build 17.0.10+0--11572160)
# Java VM: OpenJDK 64-Bit Server VM (17.0.10+0--11572160, mixed mode, tiered, compressed oops, compressed class ptrs, g1 gc, windows-amd64)
GC Precious Log:
 CPUs: 4 total, 4 available
 Memory: 3738M
 Large Page Support: Disabled
 NUMA Support: Disabled
 Compressed Oops: Enabled (32-bit)
 Heap Region Size: 1M
 Heap Min Capacity: 8M
 Heap Initial Capacity: 60M
 Heap Max Capacity: 2G
 Pre-touch: Disabled
 Parallel Workers: 4
 Concurrent Workers: 1
 Concurrent Refinement Workers: 4
 Periodic GC: Disabled
Heap:
 garbage-first heap   total 165888K, used 85357K [0x0000000080000000, 0x0000000100000000)
  region size 1024K, 19 young (19456K), 1 survivors (1024K)
 Metaspace       used 65673K, committed 66240K, reserved 1114112K
  class space    used 8911K, committed 9152K, reserved 1048576K
GC Heap History (20 events):
Event: 5.479 GC heap before
{Heap before GC invocations=16 (full 0):
 garbage-first heap   total 73728K, used 57188K [0x0000000080000000, 0x0000000100000000)
  region size 1024K, 29 young (29696K), 4 survivors (4096K)
 Metaspace       used 50282K, committed 50752K, reserved 1114112K
  class space    used 6932K, committed 7168K, reserved 1048576K
}
Event: 5.484 GC heap after
{Heap after GC invocations=17 (full 0):
 garbage-first heap   total 73728K, used 33912K [0x0000000080000000, 0x0000000100000000)
  region size 1024K, 3 young (3072K), 3 survivors (3072K)
 Metaspace       used 50282K, committed 50752K, reserved 1114112K
  class space    used 6932K, committed 7168K, reserved 1048576K
}
Event: 5.812 GC heap before
{Heap before GC invocations=17 (full 0):
 garbage-first heap   total 73728K, used 51320K [0x0000000080000000, 0x0000000100000000)
  region size 1024K, 21 young (21504K), 3 survivors (3072K)
 Metaspace       used 52278K, committed 52736K, reserved 1114112K
  class space    used 7270K, committed 7488K, reserved 1048576K
}
Event: 5.817 GC heap after
{Heap after GC invocations=18 (full 0):
 garbage-first heap   total 89088K, used 35687K [0x0000000080000000, 0x0000000100000000)
  region size 1024K, 2 young (2048K), 2 survivors (2048K)
 Metaspace       used 52278K, committed 52736K, reserved 1114112K
  class space    used 7270K, committed 7488K, reserved 1048576K
}
Event: 6.362 GC heap before
{Heap before GC invocations=18 (full 0):
 garbage-first heap   total 89088K, used 72551K [0x0000000080000000, 0x0000000100000000)
  region size 1024K, 37 young (37888K), 2 survivors (2048K)
 Metaspace       used 58923K, committed 59456K, reserved 1114112K
  class space    used 8049K, committed 8320K, reserved 1048576K
}
Event: 6.368 GC heap after
{Heap after GC invocations=19 (full 0):
 garbage-first heap   total 89088K, used 38015K [0x0000000080000000, 0x0000000100000000)
  region size 1024K, 5 young (5120K), 5 survivors (5120K)
 Metaspace       used 58923K, committed 59456K, reserved 1114112K
  class space    used 8049K, committed 8320K, reserved 1048576K
}
Event: 7.658 GC heap before
{Heap before GC invocations=19 (full 0):
 garbage-first heap   total 89088K, used 41087K [0x0000000080000000, 0x0000000100000000)
  region size 1024K, 10 young (10240K), 5 survivors (5120K)
 Metaspace       used 59893K, committed 60416K, reserved 1114112K
  class space    used 8193K, committed 8448K, reserved 1048576K
}
Event: 7.662 GC heap after
{Heap after GC invocations=20 (full 0):
 garbage-first heap   total 89088K, used 39053K [0x0000000080000000, 0x0000000100000000)
  region size 1024K, 1 young (1024K), 1 survivors (1024K)
 Metaspace       used 59893K, committed 60416K, reserved 1114112K
  class space    used 8193K, committed 8448K, reserved 1048576K
}
Event: 10.452 GC heap before
{Heap before GC invocations=21 (full 0):
 garbage-first heap   total 89088K, used 70797K [0x0000000080000000, 0x0000000100000000)
  region size 1024K, 33 young (33792K), 1 survivors (1024K)
 Metaspace       used 63081K, committed 63616K, reserved 1114112K
  class space    used 8595K, committed 8832K, reserved 1048576K
}
Event: 10.461 GC heap after
{Heap after GC invocations=22 (full 0):
 garbage-first heap   total 89088K, used 45624K [0x0000000080000000, 0x0000000100000000)
  region size 1024K, 5 young (5120K), 5 survivors (5120K)
 Metaspace       used 63081K, committed 63616K, reserved 1114112K
  class space    used 8595K, committed 8832K, reserved 1048576K
}
Event: 10.925 GC heap before
{Heap before GC invocations=23 (full 0):
 garbage-first heap   total 89088K, used 69176K [0x0000000080000000, 0x0000000100000000)
  region size 1024K, 28 young (28672K), 5 survivors (5120K)
 Metaspace       used 63315K, committed 63872K, reserved 1114112K
  class space    used 8598K, committed 8832K, reserved 1048576K
}
Event: 10.933 GC heap after
{Heap after GC invocations=24 (full 0):
 garbage-first heap   total 89088K, used 47684K [0x0000000080000000, 0x0000000100000000)
  region size 1024K, 4 young (4096K), 4 survivors (4096K)
 Metaspace       used 63315K, committed 63872K, reserved 1114112K
  class space    used 8598K, committed 8832K, reserved 1048576K
}
Event: 10.948 GC heap before
{Heap before GC invocations=24 (full 0):
 garbage-first heap   total 89088K, used 48708K [0x0000000080000000, 0x0000000100000000)
  region size 1024K, 5 young (5120K), 4 survivors (4096K)
 Metaspace       used 63324K, committed 63872K, reserved 1114112K
  class space    used 8598K, committed 8832K, reserved 1048576K
}
Event: 10.953 GC heap after
{Heap after GC invocations=25 (full 0):
 garbage-first heap   total 89088K, used 47530K [0x0000000080000000, 0x0000000100000000)
  region size 1024K, 1 young (1024K), 1 survivors (1024K)
 Metaspace       used 63324K, committed 63872K, reserved 1114112K
  class space    used 8598K, committed 8832K, reserved 1048576K
}
Event: 11.183 GC heap before
{Heap before GC invocations=25 (full 0):
 garbage-first heap   total 89088K, used 62890K [0x0000000080000000, 0x0000000100000000)
  region size 1024K, 17 young (17408K), 1 survivors (1024K)
 Metaspace       used 63665K, committed 64256K, reserved 1114112K
  class space    used 8633K, committed 8896K, reserved 1048576K
}
Event: 11.188 GC heap after
{Heap after GC invocations=26 (full 0):
 garbage-first heap   total 89088K, used 49698K [0x0000000080000000, 0x0000000100000000)
  region size 1024K, 3 young (3072K), 3 survivors (3072K)
 Metaspace       used 63665K, committed 64256K, reserved 1114112K
  class space    used 8633K, committed 8896K, reserved 1048576K
}
Event: 11.578 GC heap before
{Heap before GC invocations=27 (full 0):
 garbage-first heap   total 89088K, used 79394K [0x0000000080000000, 0x0000000100000000)
  region size 1024K, 20 young (20480K), 3 survivors (3072K)
 Metaspace       used 64383K, committed 64960K, reserved 1114112K
  class space    used 8758K, committed 9024K, reserved 1048576K
}
Event: 11.583 GC heap after
{Heap after GC invocations=28 (full 0):
 garbage-first heap   total 91136K, used 69370K [0x0000000080000000, 0x0000000100000000)
  region size 1024K, 3 young (3072K), 3 survivors (3072K)
 Metaspace       used 64383K, committed 64960K, reserved 1114112K
  class space    used 8758K, committed 9024K, reserved 1048576K
}
Event: 11.601 GC heap before
{Heap before GC invocations=28 (full 0):
 garbage-first heap   total 91136K, used 70394K [0x0000000080000000, 0x0000000100000000)
  region size 1024K, 4 young (4096K), 3 survivors (3072K)
 Metaspace       used 64455K, committed 65024K, reserved 1114112K
  class space    used 8772K, committed 9024K, reserved 1048576K
}
Event: 11.604 GC heap after
{Heap after GC invocations=29 (full 0):
 garbage-first heap   total 165888K, used 66925K [0x0000000080000000, 0x0000000100000000)
  region size 1024K, 1 young (1024K), 1 survivors (1024K)
 Metaspace       used 64455K, committed 65024K, reserved 1114112K
  class space    used 8772K, committed 9024K, reserved 1048576K
}

